<?xml version="1.0" encoding="UTF-8"?>
<!-- Generated by org.testng.reporters.JUnitReportReporter -->
<testsuite hostname="GiriLaptop" failures="0" tests="1" name="hms.admintestcases.Logintest" time="30.345" errors="0" timestamp="2022-12-13T11:54:45 IST" skipped="0">
  <testcase classname="hms.admintestcases.Logintest" name="hmsadminlogintest" time="30.345"/>
  <system-out/>
</testsuite> <!-- hms.admintestcases.Logintest -->
