<?xml version="1.0" encoding="UTF-8"?>
<!-- Generated by org.testng.reporters.JUnitReportReporter -->
<testsuite hostname="GiriLaptop" failures="0" tests="1" name="hms.admintestcases.FrontofficeTest" time="37.161" errors="0" timestamp="2022-12-13T11:54:45 IST" skipped="0">
  <testcase classname="hms.admintestcases.FrontofficeTest" name="frontofficetest" time="37.161"/>
  <system-out/>
</testsuite> <!-- hms.admintestcases.FrontofficeTest -->
