<?xml version="1.0" encoding="UTF-8"?>
<!-- Generated by org.testng.reporters.JUnitReportReporter -->
<testsuite hostname="GiriLaptop" failures="0" tests="1" name="hms.admintestcases.sampleTest" time="11.917" errors="0" timestamp="2022-12-05T12:34:14 IST" skipped="0">
  <testcase classname="hms.admintestcases.sampleTest" name="f" time="11.917"/>
  <system-out/>
</testsuite> <!-- hms.admintestcases.sampleTest -->
